[debug] [2026-03-06T06:37:46.958Z] ----------------------------------------------------------------------
[debug] [2026-03-06T06:37:46.959Z] Command:       /opt/homebrew/Cellar/node/25.5.0/bin/node /opt/homebrew/bin/firebase init
[debug] [2026-03-06T06:37:46.959Z] CLI Version:   15.5.1
[debug] [2026-03-06T06:37:46.959Z] Platform:      darwin
[debug] [2026-03-06T06:37:46.959Z] Node Version:  v25.5.0
[debug] [2026-03-06T06:37:46.959Z] Time:          Thu Mar 05 2026 22:37:46 GMT-0800 (Pacific Standard Time)
[debug] [2026-03-06T06:37:46.959Z] ----------------------------------------------------------------------
[debug] 
[info] 
     ######## #### ########  ######## ########     ###     ######  ########
     ##        ##  ##     ## ##       ##     ##  ##   ##  ##       ##
     ######    ##  ########  ######   ########  #########  ######  ######
     ##        ##  ##    ##  ##       ##     ## ##     ##       ## ##
     ##       #### ##     ## ######## ########  ##     ##  ######  ########

You're about to initialize a Firebase project in this directory:

  /Users/dalrae/Downloads/Developed/2603 Autonomous Vehicle/data analysis/calmride-simulator

[info] 
=== Project Setup
[info] 
[info] First, let's associate this project directory with a Firebase project.
[info] You can create multiple project aliases by running firebase use --add, 
[info] 
[debug] [2026-03-06T06:38:00.718Z] > command requires scopes: ["email","openid","https://www.googleapis.com/auth/cloudplatformprojects.readonly","https://www.googleapis.com/auth/firebase","https://www.googleapis.com/auth/cloud-platform"]
[debug] [2026-03-06T06:38:00.718Z] > authorizing via signed-in user (dalrae.jin.work@gmail.com)
[debug] [2026-03-06T06:38:00.720Z] Checked if tokens are valid: true, expires at: 1772782565667
[debug] [2026-03-06T06:38:00.720Z] Checked if tokens are valid: true, expires at: 1772782565667
[debug] [2026-03-06T06:38:00.722Z] >>> [apiv2][query] GET https://firebase.googleapis.com/v1beta1/projects/waymo-explain [none]
[debug] [2026-03-06T06:38:00.926Z] <<< [apiv2][status] GET https://firebase.googleapis.com/v1beta1/projects/waymo-explain 200
[debug] [2026-03-06T06:38:00.926Z] <<< [apiv2][body] GET https://firebase.googleapis.com/v1beta1/projects/waymo-explain {"projectId":"waymo-explain","projectNumber":"208440685760","displayName":"waymo-explain","name":"projects/waymo-explain","resources":{"hostingSite":"waymo-explain"},"state":"ACTIVE","etag":"1_d6024458-d40f-4137-b51a-999dd27e086e"}
[info] i  Using project waymo-explain (waymo-explain) . 
[info] 
=== Functions Setup
[debug] [2026-03-06T06:38:00.944Z] > command requires scopes: ["email","openid","https://www.googleapis.com/auth/cloudplatformprojects.readonly","https://www.googleapis.com/auth/firebase","https://www.googleapis.com/auth/cloud-platform"]
[debug] [2026-03-06T06:38:00.944Z] > authorizing via signed-in user (dalrae.jin.work@gmail.com)
[debug] [2026-03-06T06:38:00.944Z] [iam] checking project waymo-explain for permissions ["firebase.projects.get"]
[debug] [2026-03-06T06:38:00.944Z] Checked if tokens are valid: true, expires at: 1772782565667
[debug] [2026-03-06T06:38:00.944Z] Checked if tokens are valid: true, expires at: 1772782565667
[debug] [2026-03-06T06:38:00.944Z] >>> [apiv2][query] POST https://cloudresourcemanager.googleapis.com/v1/projects/waymo-explain:testIamPermissions [none]
[debug] [2026-03-06T06:38:00.945Z] >>> [apiv2][(partial)header] POST https://cloudresourcemanager.googleapis.com/v1/projects/waymo-explain:testIamPermissions  x-goog-user-project=waymo-explain
[debug] [2026-03-06T06:38:00.945Z] >>> [apiv2][body] POST https://cloudresourcemanager.googleapis.com/v1/projects/waymo-explain:testIamPermissions {"permissions":["firebase.projects.get"]}
[debug] [2026-03-06T06:38:01.049Z] <<< [apiv2][status] POST https://cloudresourcemanager.googleapis.com/v1/projects/waymo-explain:testIamPermissions 200
[debug] [2026-03-06T06:38:01.049Z] <<< [apiv2][body] POST https://cloudresourcemanager.googleapis.com/v1/projects/waymo-explain:testIamPermissions {"permissions":["firebase.projects.get"]}
[info] Let's create a new codebase for your functions.
[info] A directory corresponding to the codebase will be created in your project
[info] with sample code pre-configured.

[info] See https://firebase.google.com/docs/functions/organize-functions for
[info] more information on organizing your functions using codebases.

[info] Functions can be deployed with firebase deploy.

[info] ✔  Wrote functions/requirements.txt 
[info] ✔  Wrote functions/.gitignore 
[info] ✔  Wrote functions/main.py 
[debug] [2026-03-06T06:38:29.083Z] Running command with virtualenv: command=., args=["\"/Users/dalrae/Downloads/Developed/2603 Autonomous Vehicle/data analysis/calmride-simulator/functions/venv/bin/activate\"","&&","pip3","install","--upgrade","pip"]
[debug] [2026-03-06T06:38:30.624Z] Running command with virtualenv: command=., args=["\"/Users/dalrae/Downloads/Developed/2603 Autonomous Vehicle/data analysis/calmride-simulator/functions/venv/bin/activate\"","&&","python3.13","-m","pip","install","-r","requirements.txt"]
[info] 
=== Hosting Setup
[debug] [2026-03-06T06:38:49.284Z] Checked if tokens are valid: true, expires at: 1772782565667
[debug] [2026-03-06T06:38:49.284Z] Checked if tokens are valid: true, expires at: 1772782565667
[debug] [2026-03-06T06:38:49.284Z] >>> [apiv2][query] GET https://firebase.googleapis.com/v1beta1/projects/waymo-explain [none]
[debug] [2026-03-06T06:38:49.567Z] <<< [apiv2][status] GET https://firebase.googleapis.com/v1beta1/projects/waymo-explain 200
[debug] [2026-03-06T06:38:49.567Z] <<< [apiv2][body] GET https://firebase.googleapis.com/v1beta1/projects/waymo-explain {"projectId":"waymo-explain","projectNumber":"208440685760","displayName":"waymo-explain","name":"projects/waymo-explain","resources":{"hostingSite":"waymo-explain"},"state":"ACTIVE","etag":"1_d6024458-d40f-4137-b51a-999dd27e086e"}
[info] 
[info] Your public directory is the folder (relative to your project directory) that
[info] will contain Hosting assets to be uploaded with firebase deploy. If you
[info] have a build process for your assets, use your build's output directory.
[info] 
